<?xml version="1.0" encoding="UTF-8"?>
<testng-results ignored="0" total="2" passed="2" failed="0" skipped="0">
  <reporter-output>
  </reporter-output>
  <suite started-at="2021-01-31T22:29:15 IST" name="Default suite" finished-at="2021-01-31T22:30:40 IST" duration-ms="84915">
    <groups>
    </groups>
    <test started-at="2021-01-31T22:29:15 IST" name="Default test" finished-at="2021-01-31T22:30:40 IST" duration-ms="84915">
      <class name="com.thinkbridge.AssessmentQ2.FlightSearch_Test">
        <test-method is-config="true" signature="Launch_and_Login()[pri:0, instance:com.thinkbridge.AssessmentQ2.FlightSearch_Test@4218d6a3]" started-at="2021-01-31T22:29:15 IST" name="Launch_and_Login" finished-at="2021-01-31T22:30:33 IST" duration-ms="77237" status="PASS">
          <reporter-output>
          </reporter-output>
        </test-method> <!-- Launch_and_Login -->
        <test-method signature="Validate_Page_Title()[pri:1, instance:com.thinkbridge.AssessmentQ2.FlightSearch_Test@4218d6a3]" started-at="2021-01-31T22:30:33 IST" name="Validate_Page_Title" finished-at="2021-01-31T22:30:33 IST" duration-ms="120" status="PASS">
          <reporter-output>
          </reporter-output>
        </test-method> <!-- Validate_Page_Title -->
        <test-method signature="Validate_Email()[pri:2, instance:com.thinkbridge.AssessmentQ2.FlightSearch_Test@4218d6a3]" started-at="2021-01-31T22:30:33 IST" name="Validate_Email" finished-at="2021-01-31T22:30:39 IST" duration-ms="5972" status="PASS">
          <reporter-output>
          </reporter-output>
        </test-method> <!-- Validate_Email -->
        <test-method is-config="true" signature="CloseDriver()[pri:0, instance:com.thinkbridge.AssessmentQ2.FlightSearch_Test@4218d6a3]" started-at="2021-01-31T22:30:39 IST" name="CloseDriver" finished-at="2021-01-31T22:30:40 IST" duration-ms="1372" status="PASS">
          <reporter-output>
          </reporter-output>
        </test-method> <!-- CloseDriver -->
      </class> <!-- com.thinkbridge.AssessmentQ2.FlightSearch_Test -->
    </test> <!-- Default test -->
  </suite> <!-- Default suite -->
</testng-results>
