<?xml version="1.0" encoding="UTF-8"?>
<!-- Generated by org.testng.reporters.JUnitXMLReporter -->
<testsuite ignored="0" hostname="DESKTOP-IJ2OCPC" failures="0" tests="2" name="Default test" time="84.915" errors="0" timestamp="2021-01-31T22:30:41 IST">
  <testcase classname="com.thinkbridge.AssessmentQ2.FlightSearch_Test" name="Validate_Page_Title" time="0.12"/>
  <testcase classname="com.thinkbridge.AssessmentQ2.FlightSearch_Test" name="Validate_Email" time="5.972"/>
</testsuite> <!-- Default test -->
